2025-09-13 15:46:43,602 - MainPipeline - INFO - Pipeline initialized with run ID: 20250913_154643
2025-09-13 15:46:43,607 - MainPipeline - INFO - Starting complete pipeline execution...
2025-09-13 15:46:43,607 - MainPipeline - INFO - Stage 1: Data Loading and Validation
2025-09-13 15:46:43,668 - MainPipeline - INFO - Loaded 50 records with 100 features
2025-09-13 15:46:43,700 - MainPipeline - WARNING - Data validation issues: ["High missing data in columns: ['tahunAkademikLulus', 'tanggalLulus', 'masaStudi', 'khs8_tahunAkademik', 'khs8_ips', 'khs8_sksSmt', 'khs8_ipk', 'khs8_sksTotal', 'khs8_statusMahasiswa', 'khs9_tahunAkademik', 'khs9_ips', 'khs9_sksSmt', 'khs9_ipk', 'khs9_sksTotal', 'khs9_statusMahasiswa', 'khs10_tahunAkademik', 'khs10_ips', 'khs10_sksSmt', 'khs10_ipk', 'khs10_sksTotal', 'khs10_statusMahasiswa', 'khs11_tahunAkademik', 'khs11_ips', 'khs11_sksSmt', 'khs11_ipk', 'khs11_sksTotal', 'khs11_statusMahasiswa', 'khs12_tahunAkademik', 'khs12_ips', 'khs12_sksSmt', 'khs12_ipk', 'khs12_sksTotal', 'khs12_statusMahasiswa', 'khs13_tahunAkademik', 'khs13_ips', 'khs13_sksSmt', 'khs13_ipk', 'khs13_sksTotal', 'khs13_statusMahasiswa', 'khs14_tahunAkademik', 'khs14_ips', 'khs14_sksSmt', 'khs14_ipk', 'khs14_sksTotal', 'khs14_statusMahasiswa', 'khs15_tahunAkademik', 'khs15_ips', 'khs15_sksSmt', 'khs15_ipk', 'khs15_sksTotal', 'khs15_statusMahasiswa']"]
2025-09-13 15:46:43,701 - MainPipeline - INFO - Stage 2: Data Cleaning and Preprocessing
2025-09-13 15:46:43,782 - MainPipeline - ERROR - Data cleaning failed: cannot import name 'EnhancedDataProcessor' from 'data_processor' (G:\My Drive\A. SKRIPSI\program\program klasifikasi\klasifikasi-prestasi\data_processor.py)
2025-09-13 15:46:43,783 - MainPipeline - INFO - Stage 3: Feature Engineering
2025-09-13 15:46:43,783 - MainPipeline - INFO - Generating organizational involvement data...
2025-09-13 15:46:43,871 - MainPipeline - WARNING - Organizational data generation failed: 'IndonesianOrganizationalDataGenerator' object has no attribute 'generate_organizational_data'
2025-09-13 15:46:43,872 - MainPipeline - INFO - Continuing with academic features only
2025-09-13 15:46:43,909 - MainPipeline - INFO - Feature engineering completed: 100 total features
2025-09-13 15:46:43,911 - MainPipeline - INFO - Stage 4: Model Training and Optimization
2025-09-13 15:46:43,925 - MainPipeline - ERROR - Pipeline failed: 'berprestasi'
2025-09-13 15:46:44,078 - MainPipeline - ERROR - Traceback (most recent call last):
  File "C:\Python312\Lib\site-packages\pandas\core\indexes\base.py", line 3805, in get_loc
    return self._engine.get_loc(casted_key)
           ^^^^^^^^^^^^^^^^^^^^^^^^^^^^^^^^
  File "index.pyx", line 167, in pandas._libs.index.IndexEngine.get_loc
  File "index.pyx", line 196, in pandas._libs.index.IndexEngine.get_loc
  File "pandas\\_libs\\hashtable_class_helper.pxi", line 7081, in pandas._libs.hashtable.PyObjectHashTable.get_item
  File "pandas\\_libs\\hashtable_class_helper.pxi", line 7089, in pandas._libs.hashtable.PyObjectHashTable.get_item
KeyError: 'berprestasi'

The above exception was the direct cause of the following exception:

Traceback (most recent call last):
  File "G:\My Drive\A. SKRIPSI\program\program klasifikasi\klasifikasi-prestasi\main_pipeline.py", line 743, in run_complete_pipeline
    trained_models = self._train_and_optimize_models(engineered_data)
                     ^^^^^^^^^^^^^^^^^^^^^^^^^^^^^^^^^^^^^^^^^^^^^^^^
  File "G:\My Drive\A. SKRIPSI\program\program klasifikasi\klasifikasi-prestasi\main_pipeline.py", line 915, in _train_and_optimize_models
    y = df['berprestasi'].values
        ~~^^^^^^^^^^^^^^^
  File "C:\Python312\Lib\site-packages\pandas\core\frame.py", line 4102, in __getitem__
    indexer = self.columns.get_loc(key)
              ^^^^^^^^^^^^^^^^^^^^^^^^^
  File "C:\Python312\Lib\site-packages\pandas\core\indexes\base.py", line 3812, in get_loc
    raise KeyError(key) from err
KeyError: 'berprestasi'

